#
# There is insufficient memory for the Java Runtime Environment to continue.
# Native memory allocation (mmap) failed to map 266338304 bytes for G1 virtual space
# Possible reasons:
#   The system is out of physical RAM or swap space
#   The process is running with CompressedOops enabled, and the Java Heap may be blocking the growth of the native heap
# Possible solutions:
#   Reduce memory load on the system
#   Increase physical memory or swap space
#   Check if swap backing store is full
#   Decrease Java heap size (-Xmx/-Xms)
#   Decrease number of Java threads
#   Decrease Java thread stack sizes (-Xss)
#   Set larger code cache with -XX:ReservedCodeCacheSize=
#   JVM is running with Zero Based Compressed Oops mode in which the Java heap is
#     placed in the first 32GB address space. The Java Heap base address is the
#     maximum limit for the native heap growth. Please use -XX:HeapBaseMinAddress
#     to set the Java Heap base and to place the Java Heap above 32GB virtual address.
# This output file may be truncated or incomplete.
#
#  Out of Memory Error (os_windows.cpp:3600), pid=12964, tid=8020
#
# JRE version:  (21.0.2+13) (build )
# Java VM: Java HotSpot(TM) 64-Bit Server VM (21.0.2+13-LTS-58, mixed mode, sharing, tiered, compressed oops, compressed class ptrs, g1 gc, windows-amd64)
# No core dump will be written. Minidumps are not enabled by default on client versions of Windows
#

---------------  S U M M A R Y ------------

Command Line: -Dclassworlds.conf=D:\Program Files\NetBeans-21\netbeans\java\maven\bin\m2.conf -Dmaven.home=D:\Program Files\NetBeans-21\netbeans\java\maven -Dlibrary.jansi.path=D:\Program Files\NetBeans-21\netbeans\java\maven\lib\jansi-native -Dmaven.multiModuleProjectDirectory=D:\katfu\Documents\SENA\NetBeansProjects\MyLab org.codehaus.plexus.classworlds.launcher.Launcher -Dmaven.ext.class.path=D:\Program Files\NetBeans-21\netbeans\java\maven-nblib\netbeans-eventspy.jar --no-transfer-progress clean install

Host: Intel(R) Core(TM) i5-10300H CPU @ 2.50GHz, 8 cores, 15G,  Windows 11 , 64 bit Build 22621 (10.0.22621.3958)
Time: Sat Sep 28 17:25:58 2024 Hora est. Pacífico, Sudamérica elapsed time: 0.016830 seconds (0d 0h 0m 0s)

---------------  T H R E A D  ---------------

Current thread (0x000001b8803df8e0):  JavaThread "Unknown thread" [_thread_in_vm, id=8020, stack(0x0000001570900000,0x0000001570a00000) (1024K)]

Stack: [0x0000001570900000,0x0000001570a00000]
Native frames: (J=compiled Java code, j=interpreted, Vv=VM code, C=native code)
V  [jvm.dll+0x6cade9]
V  [jvm.dll+0x8569c1]
V  [jvm.dll+0x858d2e]
V  [jvm.dll+0x859413]
V  [jvm.dll+0x280e56]
V  [jvm.dll+0x6c74d5]
V  [jvm.dll+0x6bbeca]
V  [jvm.dll+0x355bca]
V  [jvm.dll+0x35d816]
V  [jvm.dll+0x3ae67e]
V  [jvm.dll+0x3ae928]
V  [jvm.dll+0x3295dc]
V  [jvm.dll+0x32a16b]
V  [jvm.dll+0x81efa9]
V  [jvm.dll+0x3bba01]
V  [jvm.dll+0x807928]
V  [jvm.dll+0x44f50e]
V  [jvm.dll+0x450e11]
C  [jli.dll+0x52a3]
C  [ucrtbase.dll+0x29333]
C  [KERNEL32.DLL+0x1257d]
C  [ntdll.dll+0x5af28]


---------------  P R O C E S S  ---------------

Threads class SMR info:
_java_thread_list=0x00007ffbfd6cbb88, length=0, elements={
}

Java Threads: ( => current thread )
Total: 0

Other Threads:
  0x000001b88267e880 WorkerThread "GC Thread#0"                     [id=4072, stack(0x0000001570a00000,0x0000001570b00000) (1024K)]
  0x000001b88268f720 ConcurrentGCThread "G1 Main Marker"            [id=10888, stack(0x0000001570b00000,0x0000001570c00000) (1024K)]
  0x000001b8826910e0 WorkerThread "G1 Conc#0"                       [id=18952, stack(0x0000001570c00000,0x0000001570d00000) (1024K)]

[error occurred during error reporting (printing all threads), id 0xc0000005, EXCEPTION_ACCESS_VIOLATION (0xc0000005) at pc=0x00007ffbfce3c6a7]
VM state: not at safepoint (not fully initialized)

VM Mutex/Monitor currently owned by a thread:  ([mutex/lock_event])
[0x00007ffbfd73ce68] Heap_lock - owner thread: 0x000001b8803df8e0

Heap address: 0x0000000702000000, size: 4064 MB, Compressed Oops mode: Zero based, Oop shift amount: 3

CDS archive(s) mapped at: [0x0000000000000000-0x0000000000000000-0x0000000000000000), size 0, SharedBaseAddress: 0x0000000800000000, ArchiveRelocationMode: 1.
Narrow klass base: 0x0000000000000000, Narrow klass shift: 0, Narrow klass range: 0x0

GC Precious Log:
 CardTable entry size: 512
 Card Set container configuration: InlinePtr #cards 4 size 8 Array Of Cards #cards 16 size 48 Howl #buckets 8 coarsen threshold 3686 Howl Bitmap #cards 512 size 80 coarsen threshold 460 Card regions per heap region 1 cards per card region 4096

Heap:
 garbage-first heap   total 0K, used 0K [0x0000000702000000, 0x0000000800000000)
  region size 2048K, 0 young (0K), 0 survivors (0K)

[error occurred during error reporting (printing heap information), id 0xc0000005, EXCEPTION_ACCESS_VIOLATION (0xc0000005) at pc=0x00007ffbfd2239f9]
GC Heap History (0 events):
No events

Dll operation events (1 events):
Event: 0.010 Loaded shared library D:\Program Files\Java\jdk-21\bin\java.dll

Deoptimization events (0 events):
No events

Classes loaded (0 events):
No events

Classes unloaded (0 events):
No events

Classes redefined (0 events):
No events

Internal exceptions (0 events):
No events

ZGC Phase Switch (0 events):
No events

VM Operations (0 events):
No events

Events (0 events):
No events


Dynamic libraries:
0x00007ff7b2150000 - 0x00007ff7b2160000 	D:\Program Files\Java\jdk-21\bin\java.exe
0x00007ffc86dd0000 - 0x00007ffc86fe7000 	C:\Windows\SYSTEM32\ntdll.dll
0x00007ffc86320000 - 0x00007ffc863e4000 	C:\Windows\System32\KERNEL32.DLL
0x00007ffc843a0000 - 0x00007ffc8474d000 	C:\Windows\System32\KERNELBASE.dll
0x00007ffc84940000 - 0x00007ffc84a51000 	C:\Windows\System32\ucrtbase.dll
0x00007ffc6b3b0000 - 0x00007ffc6b3c9000 	D:\Program Files\Java\jdk-21\bin\jli.dll
0x00007ffc7d590000 - 0x00007ffc7d5ab000 	D:\Program Files\Java\jdk-21\bin\VCRUNTIME140.dll
0x00007ffc852d0000 - 0x00007ffc85382000 	C:\Windows\System32\ADVAPI32.dll
0x00007ffc85440000 - 0x00007ffc854e7000 	C:\Windows\System32\msvcrt.dll
0x00007ffc85220000 - 0x00007ffc852c9000 	C:\Windows\System32\sechost.dll
0x00007ffc84780000 - 0x00007ffc847a8000 	C:\Windows\System32\bcrypt.dll
0x00007ffc865b0000 - 0x00007ffc866c4000 	C:\Windows\System32\RPCRT4.dll
0x00007ffc866d0000 - 0x00007ffc8687e000 	C:\Windows\System32\USER32.dll
0x00007ffc66690000 - 0x00007ffc66923000 	C:\Windows\WinSxS\amd64_microsoft.windows.common-controls_6595b64144ccf1df_6.0.22621.3672_none_2713b9d173822955\COMCTL32.dll
0x00007ffc84750000 - 0x00007ffc84776000 	C:\Windows\System32\win32u.dll
0x00007ffc84d90000 - 0x00007ffc84db9000 	C:\Windows\System32\GDI32.dll
0x00007ffc847b0000 - 0x00007ffc848c9000 	C:\Windows\System32\gdi32full.dll
0x00007ffc84a60000 - 0x00007ffc84afa000 	C:\Windows\System32\msvcp_win.dll
0x00007ffc7c030000 - 0x00007ffc7c03a000 	C:\Windows\SYSTEM32\VERSION.dll
0x00007ffc857b0000 - 0x00007ffc857e1000 	C:\Windows\System32\IMM32.DLL
0x00007ffc7dc20000 - 0x00007ffc7dc2c000 	D:\Program Files\Java\jdk-21\bin\vcruntime140_1.dll
0x00007ffbfc800000 - 0x00007ffbfc88e000 	D:\Program Files\Java\jdk-21\bin\msvcp140.dll
0x00007ffbfcb00000 - 0x00007ffbfd817000 	D:\Program Files\Java\jdk-21\bin\server\jvm.dll
0x00007ffc84b90000 - 0x00007ffc84c01000 	C:\Windows\System32\WS2_32.dll
0x00007ffc82f60000 - 0x00007ffc82fad000 	C:\Windows\SYSTEM32\POWRPROF.dll
0x00007ffc7e550000 - 0x00007ffc7e584000 	C:\Windows\SYSTEM32\WINMM.dll
0x00007ffc82f40000 - 0x00007ffc82f53000 	C:\Windows\SYSTEM32\UMPDC.dll
0x00007ffc831f0000 - 0x00007ffc83208000 	C:\Windows\SYSTEM32\kernel.appcore.dll
0x00007ffc7d580000 - 0x00007ffc7d58a000 	D:\Program Files\Java\jdk-21\bin\jimage.dll
0x00007ffc818c0000 - 0x00007ffc81af2000 	C:\Windows\SYSTEM32\DBGHELP.DLL
0x00007ffc84e30000 - 0x00007ffc851be000 	C:\Windows\System32\combase.dll
0x00007ffc85620000 - 0x00007ffc856f7000 	C:\Windows\System32\OLEAUT32.dll
0x00007ffc6a0a0000 - 0x00007ffc6a0d2000 	C:\Windows\SYSTEM32\dbgcore.DLL
0x00007ffc840f0000 - 0x00007ffc8416b000 	C:\Windows\System32\bcryptPrimitives.dll
0x00007ffc7c910000 - 0x00007ffc7c92f000 	D:\Program Files\Java\jdk-21\bin\java.dll

dbghelp: loaded successfully - version: 4.0.5 - missing functions: none
symbol engine: initialized successfully - sym options: 0x614 - pdb path: .;D:\Program Files\Java\jdk-21\bin;C:\Windows\SYSTEM32;C:\Windows\WinSxS\amd64_microsoft.windows.common-controls_6595b64144ccf1df_6.0.22621.3672_none_2713b9d173822955;D:\Program Files\Java\jdk-21\bin\server

VM Arguments:
jvm_args: -Dclassworlds.conf=D:\Program Files\NetBeans-21\netbeans\java\maven\bin\m2.conf -Dmaven.home=D:\Program Files\NetBeans-21\netbeans\java\maven -Dlibrary.jansi.path=D:\Program Files\NetBeans-21\netbeans\java\maven\lib\jansi-native -Dmaven.multiModuleProjectDirectory=D:\katfu\Documents\SENA\NetBeansProjects\MyLab 
java_command: org.codehaus.plexus.classworlds.launcher.Launcher -Dmaven.ext.class.path=D:\Program Files\NetBeans-21\netbeans\java\maven-nblib\netbeans-eventspy.jar --no-transfer-progress clean install
java_class_path (initial): D:\Program Files\NetBeans-21\netbeans\java\maven\boot\plexus-classworlds-2.7.0.jar
Launcher Type: SUN_STANDARD

[Global flags]
     intx CICompilerCount                          = 4                                         {product} {ergonomic}
     uint ConcGCThreads                            = 2                                         {product} {ergonomic}
     uint G1ConcRefinementThreads                  = 8                                         {product} {ergonomic}
   size_t G1HeapRegionSize                         = 2097152                                   {product} {ergonomic}
    uintx GCDrainStackTargetSize                   = 64                                        {product} {ergonomic}
   size_t InitialHeapSize                          = 266338304                                 {product} {ergonomic}
   size_t MarkStackSize                            = 4194304                                   {product} {ergonomic}
   size_t MaxHeapSize                              = 4261412864                                {product} {ergonomic}
   size_t MinHeapDeltaBytes                        = 2097152                                   {product} {ergonomic}
   size_t MinHeapSize                              = 8388608                                   {product} {ergonomic}
    uintx NonNMethodCodeHeapSize                   = 5839372                                {pd product} {ergonomic}
    uintx NonProfiledCodeHeapSize                  = 122909434                              {pd product} {ergonomic}
    uintx ProfiledCodeHeapSize                     = 122909434                              {pd product} {ergonomic}
    uintx ReservedCodeCacheSize                    = 251658240                              {pd product} {ergonomic}
     bool SegmentedCodeCache                       = true                                      {product} {ergonomic}
   size_t SoftMaxHeapSize                          = 4261412864                             {manageable} {ergonomic}
     bool UseCompressedOops                        = true                           {product lp64_product} {ergonomic}
     bool UseG1GC                                  = true                                      {product} {ergonomic}
     bool UseLargePagesIndividualAllocation        = false                                  {pd product} {ergonomic}

Logging:
Log output configuration:
 #0: stdout all=warning uptime,level,tags foldmultilines=false
 #1: stderr all=off uptime,level,tags foldmultilines=false

Environment Variables:
JAVA_HOME=D:\Program Files\Java\jdk-21
PATH=C:\Program Files\Common Files\Oracle\Java\javapath;C:\Windows\system32;C:\Windows;C:\Windows\System32\Wbem;C:\Windows\System32\WindowsPowerShell\v1.0\;C:\Windows\System32\OpenSSH\;D:\Program Files\Java\jdk-21\bin;D:\Program Files\Git\cmd;C:\Program Files\nodejs\;C:\Users\katfu\AppData\Local\Microsoft\WindowsApps;C:\Users\katfu\AppData\Roaming\npm;D:\Program Files\Microsoft VS Code\Microsoft VS Code\bin
USERNAME=katfu
OS=Windows_NT
PROCESSOR_IDENTIFIER=Intel64 Family 6 Model 165 Stepping 2, GenuineIntel
TMP=C:\Users\katfu\AppData\Local\Temp
TEMP=C:\Users\katfu\AppData\Local\Temp




Periodic native trim disabled

---------------  S Y S T E M  ---------------

OS:
 Windows 11 , 64 bit Build 22621 (10.0.22621.3958)
OS uptime: 0 days 5:42 hours
Hyper-V role detected

CPU: total 8 (initial active 8) (4 cores per cpu, 2 threads per core) family 6 model 165 stepping 2 microcode 0xf4, cx8, cmov, fxsr, ht, mmx, 3dnowpref, sse, sse2, sse3, ssse3, sse4.1, sse4.2, popcnt, lzcnt, tsc, tscinvbit, avx, avx2, aes, erms, clmul, bmi1, bmi2, adx, fma, vzeroupper, clflush, clflushopt, hv, rdtscp, f16c
Processor Information for all 8 processors :
  Max Mhz: 2496, Current Mhz: 2496, Mhz Limit: 2496

Memory: 4k page, system-wide physical 16251M (4548M free)
TotalPageFile size 31402M (AvailPageFile size 192M)
current process WorkingSet (physical memory assigned to process): 11M, peak: 11M
current process commit charge ("private bytes"): 60M, peak: 314M

vm_info: Java HotSpot(TM) 64-Bit Server VM (21.0.2+13-LTS-58) for windows-amd64 JRE (21.0.2+13-LTS-58), built on 2024-01-05T18:32:24Z by "mach5one" with MS VC++ 17.1 (VS2022)

END.
